<?xml version="1.0" encoding="UTF-8"?>
<!-- Generated by org.testng.reporters.JUnitReportReporter -->
<testsuite hostname="ADMIW58ZLPC0664" failures="0" tests="2" name="Testng" time="137.097" errors="0" timestamp="2022-02-20T20:42:19 IST" skipped="0">
  <testcase classname="Testng" name="chrome" time="67.588"/>
  <system-out/>
  <testcase classname="Testng" name="edge" time="69.509"/>
  <system-out/>
</testsuite> <!-- Testng -->
